2025-02-16 08:32:00 | WARN | repo=course-sys-int-activemq-seminar | action=commit
2025-01-27 07:51:00 | INFO | repo=course-sys-int-activemq-seminar | action=pull
2025-05-14 11:51:00 | INFO | repo=course-sys-int-activemq-seminar | action=commit
2025-04-16 07:18:00 | WARN | repo=course-sys-int-activemq-seminar | action=commit
2025-11-13 13:56:00 | INFO | repo=course-sys-int-activemq-seminar | action=edit | files=2
2025-07-11 08:18:00 | WARN | repo=course-sys-int-activemq-seminar | action=commit
2025-08-15 21:12:00 | INFO | repo=course-sys-int-activemq-seminar | action=commit
2025-08-11 09:16:00 | DEBUG | repo=course-sys-int-activemq-seminar | action=commit
2025-12-25 08:22:00 | INFO | repo=course-sys-int-activemq-seminar | action=commit
2025-04-01 07:56:00 | INFO | repo=course-sys-int-activemq-seminar | action=commit
2025-03-09 19:58:00 | WARN | repo=course-sys-int-activemq-seminar | action=pull
2025-02-01 19:38:00 | INFO | repo=course-sys-int-activemq-seminar | action=commit
2025-07-18 08:00:00 | WARN | repo=course-sys-int-activemq-seminar | action=pull
2025-10-12 17:14:00 | INFO | repo=course-sys-int-activemq-seminar | action=commit
2025-05-09 19:54:00 | DEBUG | repo=course-sys-int-activemq-seminar | action=commit
2025-11-21 08:22:00 | WARN | repo=course-sys-int-activemq-seminar | action=edit | files=5
2025-09-11 08:23:00 | DEBUG | repo=course-sys-int-activemq-seminar | action=commit
2025-03-01 12:57:00 | INFO | repo=course-sys-int-activemq-seminar | action=commit
2025-03-18 10:02:00 | WARN | repo=course-sys-int-activemq-seminar | action=commit
2025-06-18 16:03:00 | WARN | repo=course-sys-int-activemq-seminar | action=commit
2025-05-22 08:39:00 | DEBUG | repo=course-sys-int-activemq-seminar | action=commit
2025-06-11 20:08:00 | DEBUG | repo=course-sys-int-activemq-seminar | action=pull
2025-02-18 18:16:00 | DEBUG | repo=course-sys-int-activemq-seminar | action=edit | files=2
2025-03-15 19:12:00 | INFO | repo=course-sys-int-activemq-seminar | action=edit | files=2
2025-11-03 16:33:00 | DEBUG | repo=course-sys-int-activemq-seminar | action=commit
2025-11-27 07:52:00 | WARN | repo=course-sys-int-activemq-seminar | action=commit
2025-05-02 19:20:00 | WARN | repo=course-sys-int-activemq-seminar | action=commit
2025-01-09 17:30:00 | INFO | repo=course-sys-int-activemq-seminar | action=commit
2025-08-25 16:13:00 | INFO | repo=course-sys-int-activemq-seminar | action=pull
2025-06-28 18:45:00 | WARN | repo=course-sys-int-activemq-seminar | action=test | passed=true
2025-01-05 14:11:00 | INFO | repo=course-sys-int-activemq-seminar | action=edit | files=1
2025-07-19 13:45:00 | WARN | repo=course-sys-int-activemq-seminar | action=pull
2025-08-02 17:00:00 | DEBUG | repo=course-sys-int-activemq-seminar | action=pull
2025-07-01 13:59:00 | INFO | repo=course-sys-int-activemq-seminar | action=commit
2025-01-17 18:26:00 | WARN | repo=course-sys-int-activemq-seminar | action=pull
2025-12-08 12:11:00 | DEBUG | repo=course-sys-int-activemq-seminar | action=edit | files=4
2025-05-25 21:44:00 | WARN | repo=course-sys-int-activemq-seminar | action=commit
2025-10-26 13:31:00 | WARN | repo=course-sys-int-activemq-seminar | action=pull
2025-11-13 07:51:00 | DEBUG | repo=course-sys-int-activemq-seminar | action=commit
2025-04-21 09:12:00 | DEBUG | repo=course-sys-int-activemq-seminar | action=commit
2025-10-01 20:18:00 | INFO | repo=course-sys-int-activemq-seminar | action=commit
2025-05-05 20:50:00 | DEBUG | repo=course-sys-int-activemq-seminar | action=commit
2025-04-21 19:55:00 | WARN | repo=course-sys-int-activemq-seminar | action=test | passed=true
2025-10-20 08:09:00 | INFO | repo=course-sys-int-activemq-seminar | action=test | passed=true
2025-11-05 19:41:00 | DEBUG | repo=course-sys-int-activemq-seminar | action=pull
2025-05-07 09:15:00 | INFO | repo=course-sys-int-activemq-seminar | action=commit
2025-08-04 20:54:00 | INFO | repo=course-sys-int-activemq-seminar | action=commit
2025-09-03 10:36:00 | INFO | repo=course-sys-int-activemq-seminar | action=commit
2025-04-28 15:52:00 | WARN | repo=course-sys-int-activemq-seminar | action=edit | files=5
2025-10-04 16:41:00 | WARN | repo=course-sys-int-activemq-seminar | action=pull
2025-07-03 16:20:00 | WARN | repo=course-sys-int-activemq-seminar | action=commit
2025-05-25 08:07:00 | WARN | repo=course-sys-int-activemq-seminar | action=commit
2025-05-20 07:03:00 | WARN | repo=course-sys-int-activemq-seminar | action=commit
2025-10-08 09:37:00 | WARN | repo=course-sys-int-activemq-seminar | action=commit
2025-08-08 10:09:00 | INFO | repo=course-sys-int-activemq-seminar | action=commit
2025-04-07 21:52:00 | WARN | repo=course-sys-int-activemq-seminar | action=pull
2025-12-06 18:59:00 | DEBUG | repo=course-sys-int-activemq-seminar | action=test | passed=true
2025-06-03 15:58:00 | DEBUG | repo=course-sys-int-activemq-seminar | action=pull
2025-11-03 18:04:00 | DEBUG | repo=course-sys-int-activemq-seminar | action=commit
2025-03-10 15:35:00 | DEBUG | repo=course-sys-int-activemq-seminar | action=commit
2025-10-03 07:46:00 | INFO | repo=course-sys-int-activemq-seminar | action=commit
2025-11-02 10:11:00 | DEBUG | repo=course-sys-int-activemq-seminar | action=commit
2025-07-19 20:51:00 | DEBUG | repo=course-sys-int-activemq-seminar | action=commit
2025-05-04 09:54:00 | INFO | repo=course-sys-int-activemq-seminar | action=commit
2025-02-23 15:55:00 | WARN | repo=course-sys-int-activemq-seminar | action=commit
2025-10-04 21:41:00 | INFO | repo=course-sys-int-activemq-seminar | action=commit
2025-11-18 11:30:00 | DEBUG | repo=course-sys-int-activemq-seminar | action=test | passed=true
2025-10-09 08:26:00 | INFO | repo=course-sys-int-activemq-seminar | action=commit
2025-09-03 10:18:00 | INFO | repo=course-sys-int-activemq-seminar | action=commit
2025-04-22 17:57:00 | INFO | repo=course-sys-int-activemq-seminar | action=commit
2025-01-25 13:37:00 | DEBUG | repo=course-sys-int-activemq-seminar | action=pull
2025-10-24 20:19:00 | INFO | repo=course-sys-int-activemq-seminar | action=test | passed=true
2025-09-11 09:54:00 | DEBUG | repo=course-sys-int-activemq-seminar | action=commit
